# JRE version: Java(TM) SE Runtime Environment (8.0_301-b09) (build 1.8.0_301-b09)
# Java VM: Java HotSpot(TM) 64-Bit Server VM (25.301-b09 mixed mode windows-amd64 compressed oops)
Heap:
 PSYoungGen      total 193536K, used 28245K [0x00000000d5580000, 0x00000000e2b80000, 0x0000000100000000)
  eden space 182272K, 9% used [0x00000000d5580000,0x00000000d66180f0,0x00000000e0780000)
  from space 11264K, 99% used [0x00000000e2080000,0x00000000e2b7d468,0x00000000e2b80000)
  to   space 13312K, 0% used [0x00000000e1180000,0x00000000e1180000,0x00000000e1e80000)
 ParOldGen       total 92160K, used 47785K [0x0000000080000000, 0x0000000085a00000, 0x00000000d5580000)
  object space 92160K, 51% used [0x0000000080000000,0x0000000082eaa580,0x0000000085a00000)
 Metaspace       used 70267K, capacity 73272K, committed 73344K, reserved 1112064K
  class space    used 9694K, capacity 10331K, committed 10368K, reserved 1048576K
GC Heap History (10 events):
Event: 36.912 GC heap before
{Heap before GC invocations=9 (full 2):
 PSYoungGen      total 195584K, used 11621K [0x00000000d5580000, 0x00000000e2b80000, 0x0000000100000000)
  eden space 182272K, 0% used [0x00000000d5580000,0x00000000d5580000,0x00000000e0780000)
  from space 13312K, 87% used [0x00000000e1180000,0x00000000e1cd9748,0x00000000e1e80000)
  to   space 11264K, 0% used [0x00000000e2080000,0x00000000e2080000,0x00000000e2b80000)
 ParOldGen       total 65536K, used 8191K [0x0000000080000000, 0x0000000084000000, 0x00000000d5580000)
  object space 65536K, 12% used [0x0000000080000000,0x00000000807ffd30,0x0000000084000000)
 Metaspace       used 34119K, capacity 35342K, committed 35496K, reserved 1079296K
  class space    used 4713K, capacity 5013K, committed 5120K, reserved 1048576K
Event: 37.614 GC heap after
Heap after GC invocations=9 (full 2):
 PSYoungGen      total 195584K, used 0K [0x00000000d5580000, 0x00000000e2b80000, 0x0000000100000000)
  eden space 182272K, 0% used [0x00000000d5580000,0x00000000d5580000,0x00000000e0780000)
  from space 13312K, 0% used [0x00000000e1180000,0x00000000e1180000,0x00000000e1e80000)
  to   space 11264K, 0% used [0x00000000e2080000,0x00000000e2080000,0x00000000e2b80000)
 ParOldGen       total 92160K, used 17901K [0x0000000080000000, 0x0000000085a00000, 0x00000000d5580000)
  object space 92160K, 19% used [0x0000000080000000,0x000000008117b6e8,0x0000000085a00000)
 Metaspace       used 34119K, capacity 35342K, committed 35496K, reserved 1079296K
  class space    used 4713K, capacity 5013K, committed 5120K, reserved 1048576K
}
Event: 51.270 GC heap before
{Heap before GC invocations=10 (full 2):
 PSYoungGen      total 195584K, used 182272K [0x00000000d5580000, 0x00000000e2b80000, 0x0000000100000000)
  eden space 182272K, 100% used [0x00000000d5580000,0x00000000e0780000,0x00000000e0780000)
  from space 13312K, 0% used [0x00000000e1180000,0x00000000e1180000,0x00000000e1e80000)
  to   space 11264K, 0% used [0x00000000e2080000,0x00000000e2080000,0x00000000e2b80000)
 ParOldGen       total 92160K, used 17901K [0x0000000080000000, 0x0000000085a00000, 0x00000000d5580000)
  object space 92160K, 19% used [0x0000000080000000,0x000000008117b6e8,0x0000000085a00000)
 Metaspace       used 42466K, capacity 44484K, committed 44800K, reserved 1087488K
  class space    used 5956K, capacity 6361K, committed 6400K, reserved 1048576K
Event: 51.305 GC heap after
Heap after GC invocations=10 (full 2):
 PSYoungGen      total 193536K, used 11240K [0x00000000d5580000, 0x00000000e2b80000, 0x0000000100000000)
  eden space 182272K, 0% used [0x00000000d5580000,0x00000000d5580000,0x00000000e0780000)
  from space 11264K, 99% used [0x00000000e2080000,0x00000000e2b7a090,0x00000000e2b80000)
  to   space 13312K, 0% used [0x00000000e1180000,0x00000000e1180000,0x00000000e1e80000)
 ParOldGen       total 92160K, used 21819K [0x0000000080000000, 0x0000000085a00000, 0x00000000d5580000)
  object space 92160K, 23% used [0x0000000080000000,0x000000008154eff0,0x0000000085a00000)
 Metaspace       used 42466K, capacity 44484K, committed 44800K, reserved 1087488K
  class space    used 5956K, capacity 6361K, committed 6400K, reserved 1048576K
}
Event: 59.878 GC heap before
{Heap before GC invocations=11 (full 2):
 PSYoungGen      total 193536K, used 166167K [0x00000000d5580000, 0x00000000e2b80000, 0x0000000100000000)
  eden space 182272K, 84% used [0x00000000d5580000,0x00000000deccbf48,0x00000000e0780000)
  from space 11264K, 99% used [0x00000000e2080000,0x00000000e2b7a090,0x00000000e2b80000)
  to   space 13312K, 0% used [0x00000000e1180000,0x00000000e1180000,0x00000000e1e80000)
 ParOldGen       total 92160K, used 21819K [0x0000000080000000, 0x0000000085a00000, 0x00000000d5580000)
  object space 92160K, 23% used [0x0000000080000000,0x000000008154eff0,0x0000000085a00000)
 Metaspace       used 56629K, capacity 59034K, committed 59136K, reserved 1099776K
  class space    used 7869K, capacity 8355K, committed 8448K, reserved 1048576K
Event: 59.942 GC heap after
Heap after GC invocations=11 (full 2):
 PSYoungGen      total 195584K, used 13300K [0x00000000d5580000, 0x00000000e2b80000, 0x0000000100000000)
  eden space 182272K, 0% used [0x00000000d5580000,0x00000000d5580000,0x00000000e0780000)
  from space 13312K, 99% used [0x00000000e1180000,0x00000000e1e7d320,0x00000000e1e80000)
  to   space 11264K, 0% used [0x00000000e2080000,0x00000000e2080000,0x00000000e2b80000)
 ParOldGen       total 92160K, used 36595K [0x0000000080000000, 0x0000000085a00000, 0x00000000d5580000)
  object space 92160K, 39% used [0x0000000080000000,0x00000000823bcde8,0x0000000085a00000)
 Metaspace       used 56629K, capacity 59034K, committed 59136K, reserved 1099776K
  class space    used 7869K, capacity 8355K, committed 8448K, reserved 1048576K
}
Event: 59.942 GC heap before
{Heap before GC invocations=12 (full 3):
 PSYoungGen      total 195584K, used 13300K [0x00000000d5580000, 0x00000000e2b80000, 0x0000000100000000)
  eden space 182272K, 0% used [0x00000000d5580000,0x00000000d5580000,0x00000000e0780000)
  from space 13312K, 99% used [0x00000000e1180000,0x00000000e1e7d320,0x00000000e1e80000)
  to   space 11264K, 0% used [0x00000000e2080000,0x00000000e2080000,0x00000000e2b80000)
 ParOldGen       total 92160K, used 36595K [0x0000000080000000, 0x0000000085a00000, 0x00000000d5580000)
  object space 92160K, 39% used [0x0000000080000000,0x00000000823bcde8,0x0000000085a00000)
 Metaspace       used 56629K, capacity 59034K, committed 59136K, reserved 1099776K
  class space    used 7869K, capacity 8355K, committed 8448K, reserved 1048576K
Event: 60.431 GC heap after
Heap after GC invocations=12 (full 3):
 PSYoungGen      total 195584K, used 0K [0x00000000d5580000, 0x00000000e2b80000, 0x0000000100000000)
  eden space 182272K, 0% used [0x00000000d5580000,0x00000000d5580000,0x00000000e0780000)
  from space 13312K, 0% used [0x00000000e1180000,0x00000000e1180000,0x00000000e1e80000)
  to   space 11264K, 0% used [0x00000000e2080000,0x00000000e2080000,0x00000000e2b80000)
 ParOldGen       total 92160K, used 42394K [0x0000000080000000, 0x0000000085a00000, 0x00000000d5580000)
  object space 92160K, 46% used [0x0000000080000000,0x0000000082966a28,0x0000000085a00000)
 Metaspace       used 56626K, capacity 59022K, committed 59136K, reserved 1099776K
  class space    used 7868K, capacity 8353K, committed 8448K, reserved 1048576K
}
Event: 69.215 GC heap before
{Heap before GC invocations=13 (full 3):
 PSYoungGen      total 195584K, used 182272K [0x00000000d5580000, 0x00000000e2b80000, 0x0000000100000000)
  eden space 182272K, 100% used [0x00000000d5580000,0x00000000e0780000,0x00000000e0780000)
  from space 13312K, 0% used [0x00000000e1180000,0x00000000e1180000,0x00000000e1e80000)
  to   space 11264K, 0% used [0x00000000e2080000,0x00000000e2080000,0x00000000e2b80000)
 ParOldGen       total 92160K, used 42394K [0x0000000080000000, 0x0000000085a00000, 0x00000000d5580000)
  object space 92160K, 46% used [0x0000000080000000,0x0000000082966a28,0x0000000085a00000)
 Metaspace       used 69171K, capacity 72128K, committed 72192K, reserved 1112064K
  class space    used 9563K, capacity 10216K, committed 10240K, reserved 1048576K
Event: 69.285 GC heap after
Heap after GC invocations=13 (full 3):
 PSYoungGen      total 193536K, used 11253K [0x00000000d5580000, 0x00000000e2b80000, 0x0000000100000000)
  eden space 182272K, 0% used [0x00000000d5580000,0x00000000d5580000,0x00000000e0780000)
  from space 11264K, 99% used [0x00000000e2080000,0x00000000e2b7d468,0x00000000e2b80000)
  to   space 13312K, 0% used [0x00000000e1180000,0x00000000e1180000,0x00000000e1e80000)
 ParOldGen       total 92160K, used 47785K [0x0000000080000000, 0x0000000085a00000, 0x00000000d5580000)
  object space 92160K, 51% used [0x0000000080000000,0x0000000082eaa580,0x0000000085a00000)
 Metaspace       used 69171K, capacity 72128K, committed 72192K, reserved 1112064K
  class space    used 9563K, capacity 10216K, committed 10240K, reserved 1048576K
}

