# JRE version: Java(TM) SE Runtime Environment (8.0_301-b09) (build 1.8.0_301-b09)
# Java VM: Java HotSpot(TM) 64-Bit Server VM (25.301-b09 mixed mode windows-amd64 compressed oops)
Heap:
 PSYoungGen      total 193024K, used 78022K [0x00000000d5580000, 0x00000000e2b80000, 0x0000000100000000)
  eden space 179712K, 43% used [0x00000000d5580000,0x00000000da1b1b28,0x00000000e0500000)
  from space 13312K, 0% used [0x00000000e1180000,0x00000000e1180000,0x00000000e1e80000)
  to   space 11264K, 0% used [0x00000000e2080000,0x00000000e2080000,0x00000000e2b80000)
 ParOldGen       total 95744K, used 42373K [0x0000000080000000, 0x0000000085d80000, 0x00000000d5580000)
  object space 95744K, 44% used [0x0000000080000000,0x0000000082961500,0x0000000085d80000)
 Metaspace       used 60762K, capacity 63230K, committed 63360K, reserved 1103872K
  class space    used 8469K, capacity 8996K, committed 9088K, reserved 1048576K
GC Heap History (10 events):
Event: 13.314 GC heap before
{Heap before GC invocations=8 (full 1):
 PSYoungGen      total 190976K, used 84595K [0x00000000d5580000, 0x00000000e2b80000, 0x0000000100000000)
  eden space 179712K, 40% used [0x00000000d5580000,0x00000000d9d1fd60,0x00000000e0500000)
  from space 11264K, 99% used [0x00000000e2080000,0x00000000e2b7d098,0x00000000e2b80000)
  to   space 13312K, 0% used [0x00000000e1180000,0x00000000e1180000,0x00000000e1e80000)
 ParOldGen       total 66048K, used 7671K [0x0000000080000000, 0x0000000084080000, 0x00000000d5580000)
  object space 66048K, 11% used [0x0000000080000000,0x000000008077deb8,0x0000000084080000)
 Metaspace       used 34110K, capacity 35338K, committed 35496K, reserved 1079296K
  class space    used 4703K, capacity 5013K, committed 5120K, reserved 1048576K
Event: 13.343 GC heap after
Heap after GC invocations=8 (full 1):
 PSYoungGen      total 193024K, used 11587K [0x00000000d5580000, 0x00000000e2b80000, 0x0000000100000000)
  eden space 179712K, 0% used [0x00000000d5580000,0x00000000d5580000,0x00000000e0500000)
  from space 13312K, 87% used [0x00000000e1180000,0x00000000e1cd0c18,0x00000000e1e80000)
  to   space 11264K, 0% used [0x00000000e2080000,0x00000000e2080000,0x00000000e2b80000)
 ParOldGen       total 66048K, used 7671K [0x0000000080000000, 0x0000000084080000, 0x00000000d5580000)
  object space 66048K, 11% used [0x0000000080000000,0x000000008077deb8,0x0000000084080000)
 Metaspace       used 34110K, capacity 35338K, committed 35496K, reserved 1079296K
  class space    used 4703K, capacity 5013K, committed 5120K, reserved 1048576K
}
Event: 13.343 GC heap before
{Heap before GC invocations=9 (full 2):
 PSYoungGen      total 193024K, used 11587K [0x00000000d5580000, 0x00000000e2b80000, 0x0000000100000000)
  eden space 179712K, 0% used [0x00000000d5580000,0x00000000d5580000,0x00000000e0500000)
  from space 13312K, 87% used [0x00000000e1180000,0x00000000e1cd0c18,0x00000000e1e80000)
  to   space 11264K, 0% used [0x00000000e2080000,0x00000000e2080000,0x00000000e2b80000)
 ParOldGen       total 66048K, used 7671K [0x0000000080000000, 0x0000000084080000, 0x00000000d5580000)
  object space 66048K, 11% used [0x0000000080000000,0x000000008077deb8,0x0000000084080000)
 Metaspace       used 34110K, capacity 35338K, committed 35496K, reserved 1079296K
  class space    used 4703K, capacity 5013K, committed 5120K, reserved 1048576K
Event: 13.510 GC heap after
Heap after GC invocations=9 (full 2):
 PSYoungGen      total 193024K, used 0K [0x00000000d5580000, 0x00000000e2b80000, 0x0000000100000000)
  eden space 179712K, 0% used [0x00000000d5580000,0x00000000d5580000,0x00000000e0500000)
  from space 13312K, 0% used [0x00000000e1180000,0x00000000e1180000,0x00000000e1e80000)
  to   space 11264K, 0% used [0x00000000e2080000,0x00000000e2080000,0x00000000e2b80000)
 ParOldGen       total 95744K, used 17957K [0x0000000080000000, 0x0000000085d80000, 0x00000000d5580000)
  object space 95744K, 18% used [0x0000000080000000,0x00000000811896f0,0x0000000085d80000)
 Metaspace       used 34110K, capacity 35338K, committed 35496K, reserved 1079296K
  class space    used 4703K, capacity 5013K, committed 5120K, reserved 1048576K
}
Event: 18.688 GC heap before
{Heap before GC invocations=10 (full 2):
 PSYoungGen      total 193024K, used 179712K [0x00000000d5580000, 0x00000000e2b80000, 0x0000000100000000)
  eden space 179712K, 100% used [0x00000000d5580000,0x00000000e0500000,0x00000000e0500000)
  from space 13312K, 0% used [0x00000000e1180000,0x00000000e1180000,0x00000000e1e80000)
  to   space 11264K, 0% used [0x00000000e2080000,0x00000000e2080000,0x00000000e2b80000)
 ParOldGen       total 95744K, used 17957K [0x0000000080000000, 0x0000000085d80000, 0x00000000d5580000)
  object space 95744K, 18% used [0x0000000080000000,0x00000000811896f0,0x0000000085d80000)
 Metaspace       used 42429K, capacity 44414K, committed 44544K, reserved 1087488K
  class space    used 5951K, capacity 6360K, committed 6400K, reserved 1048576K
Event: 18.794 GC heap after
Heap after GC invocations=10 (full 2):
 PSYoungGen      total 190976K, used 11250K [0x00000000d5580000, 0x00000000e2b80000, 0x0000000100000000)
  eden space 179712K, 0% used [0x00000000d5580000,0x00000000d5580000,0x00000000e0500000)
  from space 11264K, 99% used [0x00000000e2080000,0x00000000e2b7c9d0,0x00000000e2b80000)
  to   space 13312K, 0% used [0x00000000e1180000,0x00000000e1180000,0x00000000e1e80000)
 ParOldGen       total 95744K, used 21786K [0x0000000080000000, 0x0000000085d80000, 0x00000000d5580000)
  object space 95744K, 22% used [0x0000000080000000,0x0000000081546988,0x0000000085d80000)
 Metaspace       used 42429K, capacity 44414K, committed 44544K, reserved 1087488K
  class space    used 5951K, capacity 6360K, committed 6400K, reserved 1048576K
}
Event: 30.635 GC heap before
{Heap before GC invocations=11 (full 2):
 PSYoungGen      total 190976K, used 166403K [0x00000000d5580000, 0x00000000e2b80000, 0x0000000100000000)
  eden space 179712K, 86% used [0x00000000d5580000,0x00000000ded04508,0x00000000e0500000)
  from space 11264K, 99% used [0x00000000e2080000,0x00000000e2b7c9d0,0x00000000e2b80000)
  to   space 13312K, 0% used [0x00000000e1180000,0x00000000e1180000,0x00000000e1e80000)
 ParOldGen       total 95744K, used 21786K [0x0000000080000000, 0x0000000085d80000, 0x00000000d5580000)
  object space 95744K, 22% used [0x0000000080000000,0x0000000081546988,0x0000000085d80000)
 Metaspace       used 56647K, capacity 59028K, committed 59136K, reserved 1099776K
  class space    used 7872K, capacity 8354K, committed 8448K, reserved 1048576K
Event: 30.702 GC heap after
Heap after GC invocations=11 (full 2):
 PSYoungGen      total 193024K, used 13300K [0x00000000d5580000, 0x00000000e2b80000, 0x0000000100000000)
  eden space 179712K, 0% used [0x00000000d5580000,0x00000000d5580000,0x00000000e0500000)
  from space 13312K, 99% used [0x00000000e1180000,0x00000000e1e7d320,0x00000000e1e80000)
  to   space 11264K, 0% used [0x00000000e2080000,0x00000000e2080000,0x00000000e2b80000)
 ParOldGen       total 95744K, used 36519K [0x0000000080000000, 0x0000000085d80000, 0x00000000d5580000)
  object space 95744K, 38% used [0x0000000080000000,0x00000000823a9e78,0x0000000085d80000)
 Metaspace       used 56647K, capacity 59028K, committed 59136K, reserved 1099776K
  class space    used 7872K, capacity 8354K, committed 8448K, reserved 1048576K
}
Event: 30.702 GC heap before
{Heap before GC invocations=12 (full 3):
 PSYoungGen      total 193024K, used 13300K [0x00000000d5580000, 0x00000000e2b80000, 0x0000000100000000)
  eden space 179712K, 0% used [0x00000000d5580000,0x00000000d5580000,0x00000000e0500000)
  from space 13312K, 99% used [0x00000000e1180000,0x00000000e1e7d320,0x00000000e1e80000)
  to   space 11264K, 0% used [0x00000000e2080000,0x00000000e2080000,0x00000000e2b80000)
 ParOldGen       total 95744K, used 36519K [0x0000000080000000, 0x0000000085d80000, 0x00000000d5580000)
  object space 95744K, 38% used [0x0000000080000000,0x00000000823a9e78,0x0000000085d80000)
 Metaspace       used 56647K, capacity 59028K, committed 59136K, reserved 1099776K
  class space    used 7872K, capacity 8354K, committed 8448K, reserved 1048576K
Event: 31.220 GC heap after
Heap after GC invocations=12 (full 3):
 PSYoungGen      total 193024K, used 0K [0x00000000d5580000, 0x00000000e2b80000, 0x0000000100000000)
  eden space 179712K, 0% used [0x00000000d5580000,0x00000000d5580000,0x00000000e0500000)
  from space 13312K, 0% used [0x00000000e1180000,0x00000000e1180000,0x00000000e1e80000)
  to   space 11264K, 0% used [0x00000000e2080000,0x00000000e2080000,0x00000000e2b80000)
 ParOldGen       total 95744K, used 42373K [0x0000000080000000, 0x0000000085d80000, 0x00000000d5580000)
  object space 95744K, 44% used [0x0000000080000000,0x0000000082961500,0x0000000085d80000)
 Metaspace       used 56645K, capacity 59022K, committed 59136K, reserved 1099776K
  class space    used 7872K, capacity 8353K, committed 8448K, reserved 1048576K
}

