# JRE version: Java(TM) SE Runtime Environment (8.0_301-b09) (build 1.8.0_301-b09)
# Java VM: Java HotSpot(TM) 64-Bit Server VM (25.301-b09 mixed mode windows-amd64 compressed oops)
Heap:
 PSYoungGen      total 202240K, used 113511K [0x00000000d5580000, 0x00000000e5680000, 0x0000000100000000)
  eden space 180224K, 50% used [0x00000000d5580000,0x00000000daede320,0x00000000e0580000)
  from space 22016K, 99% used [0x00000000e0580000,0x00000000e1afbb48,0x00000000e1b00000)
  to   space 25600K, 0% used [0x00000000e3d80000,0x00000000e3d80000,0x00000000e5680000)
 ParOldGen       total 185856K, used 39529K [0x0000000080000000, 0x000000008b580000, 0x00000000d5580000)
  object space 185856K, 21% used [0x0000000080000000,0x000000008269a7f8,0x000000008b580000)
 Metaspace       used 79914K, capacity 83504K, committed 83712K, reserved 1122304K
  class space    used 10946K, capacity 11668K, committed 11776K, reserved 1048576K
GC Heap History (10 events):
Event: 33.547 GC heap before
{Heap before GC invocations=12 (full 2):
 PSYoungGen      total 137216K, used 133558K [0x00000000d5580000, 0x00000000e0780000, 0x0000000100000000)
  eden space 123392K, 100% used [0x00000000d5580000,0x00000000dce00000,0x00000000dce00000)
  from space 13824K, 73% used [0x00000000dce00000,0x00000000dd7edbc0,0x00000000ddb80000)
  to   space 13824K, 0% used [0x00000000dfa00000,0x00000000dfa00000,0x00000000e0780000)
 ParOldGen       total 120320K, used 16043K [0x0000000080000000, 0x0000000087580000, 0x00000000d5580000)
  object space 120320K, 13% used [0x0000000080000000,0x0000000080faaf78,0x0000000087580000)
 Metaspace       used 49129K, capacity 51252K, committed 51584K, reserved 1093632K
  class space    used 6777K, capacity 7205K, committed 7296K, reserved 1048576K
Event: 33.610 GC heap after
Heap after GC invocations=12 (full 2):
 PSYoungGen      total 164352K, used 13792K [0x00000000d5580000, 0x00000000e0d00000, 0x0000000100000000)
  eden space 150528K, 0% used [0x00000000d5580000,0x00000000d5580000,0x00000000de880000)
  from space 13824K, 99% used [0x00000000dfa00000,0x00000000e0778030,0x00000000e0780000)
  to   space 17920K, 0% used [0x00000000de880000,0x00000000de880000,0x00000000dfa00000)
 ParOldGen       total 120320K, used 21980K [0x0000000080000000, 0x0000000087580000, 0x00000000d5580000)
  object space 120320K, 18% used [0x0000000080000000,0x0000000081577320,0x0000000087580000)
 Metaspace       used 49129K, capacity 51252K, committed 51584K, reserved 1093632K
  class space    used 6777K, capacity 7205K, committed 7296K, reserved 1048576K
}
Event: 38.732 GC heap before
{Heap before GC invocations=13 (full 2):
 PSYoungGen      total 164352K, used 102951K [0x00000000d5580000, 0x00000000e0d00000, 0x0000000100000000)
  eden space 150528K, 59% used [0x00000000d5580000,0x00000000dac91d98,0x00000000de880000)
  from space 13824K, 99% used [0x00000000dfa00000,0x00000000e0778030,0x00000000e0780000)
  to   space 17920K, 0% used [0x00000000de880000,0x00000000de880000,0x00000000dfa00000)
 ParOldGen       total 120320K, used 21980K [0x0000000080000000, 0x0000000087580000, 0x00000000d5580000)
  object space 120320K, 18% used [0x0000000080000000,0x0000000081577320,0x0000000087580000)
 Metaspace       used 56650K, capacity 59026K, committed 59136K, reserved 1099776K
  class space    used 7869K, capacity 8355K, committed 8448K, reserved 1048576K
Event: 38.824 GC heap after
Heap after GC invocations=13 (full 2):
 PSYoungGen      total 168448K, used 17916K [0x00000000d5580000, 0x00000000e3600000, 0x0000000100000000)
  eden space 150528K, 0% used [0x00000000d5580000,0x00000000d5580000,0x00000000de880000)
  from space 17920K, 99% used [0x00000000de880000,0x00000000df9ff330,0x00000000dfa00000)
  to   space 22528K, 0% used [0x00000000e2000000,0x00000000e2000000,0x00000000e3600000)
 ParOldGen       total 120320K, used 28401K [0x0000000080000000, 0x0000000087580000, 0x00000000d5580000)
  object space 120320K, 23% used [0x0000000080000000,0x0000000081bbc708,0x0000000087580000)
 Metaspace       used 56650K, capacity 59026K, committed 59136K, reserved 1099776K
  class space    used 7869K, capacity 8355K, committed 8448K, reserved 1048576K
}
Event: 38.824 GC heap before
{Heap before GC invocations=14 (full 3):
 PSYoungGen      total 168448K, used 17916K [0x00000000d5580000, 0x00000000e3600000, 0x0000000100000000)
  eden space 150528K, 0% used [0x00000000d5580000,0x00000000d5580000,0x00000000de880000)
  from space 17920K, 99% used [0x00000000de880000,0x00000000df9ff330,0x00000000dfa00000)
  to   space 22528K, 0% used [0x00000000e2000000,0x00000000e2000000,0x00000000e3600000)
 ParOldGen       total 120320K, used 28401K [0x0000000080000000, 0x0000000087580000, 0x00000000d5580000)
  object space 120320K, 23% used [0x0000000080000000,0x0000000081bbc708,0x0000000087580000)
 Metaspace       used 56650K, capacity 59026K, committed 59136K, reserved 1099776K
  class space    used 7869K, capacity 8355K, committed 8448K, reserved 1048576K
Event: 39.420 GC heap after
Heap after GC invocations=14 (full 3):
 PSYoungGen      total 168448K, used 0K [0x00000000d5580000, 0x00000000e3600000, 0x0000000100000000)
  eden space 150528K, 0% used [0x00000000d5580000,0x00000000d5580000,0x00000000de880000)
  from space 17920K, 0% used [0x00000000de880000,0x00000000de880000,0x00000000dfa00000)
  to   space 22528K, 0% used [0x00000000e2000000,0x00000000e2000000,0x00000000e3600000)
 ParOldGen       total 185856K, used 38842K [0x0000000080000000, 0x000000008b580000, 0x00000000d5580000)
  object space 185856K, 20% used [0x0000000080000000,0x00000000825eea50,0x000000008b580000)
 Metaspace       used 56647K, capacity 59014K, committed 59136K, reserved 1099776K
  class space    used 7868K, capacity 8353K, committed 8448K, reserved 1048576K
}
Event: 47.241 GC heap before
{Heap before GC invocations=15 (full 3):
 PSYoungGen      total 168448K, used 150528K [0x00000000d5580000, 0x00000000e3600000, 0x0000000100000000)
  eden space 150528K, 100% used [0x00000000d5580000,0x00000000de880000,0x00000000de880000)
  from space 17920K, 0% used [0x00000000de880000,0x00000000de880000,0x00000000dfa00000)
  to   space 22528K, 0% used [0x00000000e2000000,0x00000000e2000000,0x00000000e3600000)
 ParOldGen       total 185856K, used 38842K [0x0000000080000000, 0x000000008b580000, 0x00000000d5580000)
  object space 185856K, 20% used [0x0000000080000000,0x00000000825eea50,0x000000008b580000)
 Metaspace       used 66829K, capacity 69580K, committed 69888K, reserved 1110016K
  class space    used 9265K, capacity 9863K, committed 9984K, reserved 1048576K
Event: 47.303 GC heap after
Heap after GC invocations=15 (full 3):
 PSYoungGen      total 197120K, used 13144K [0x00000000d5580000, 0x00000000e3080000, 0x0000000100000000)
  eden space 180224K, 0% used [0x00000000d5580000,0x00000000d5580000,0x00000000e0580000)
  from space 16896K, 77% used [0x00000000e2000000,0x00000000e2cd6358,0x00000000e3080000)
  to   space 22016K, 0% used [0x00000000e0580000,0x00000000e0580000,0x00000000e1b00000)
 ParOldGen       total 185856K, used 38850K [0x0000000080000000, 0x000000008b580000, 0x00000000d5580000)
  object space 185856K, 20% used [0x0000000080000000,0x00000000825f0a50,0x000000008b580000)
 Metaspace       used 66829K, capacity 69580K, committed 69888K, reserved 1110016K
  class space    used 9265K, capacity 9863K, committed 9984K, reserved 1048576K
}
Event: 61.000 GC heap before
{Heap before GC invocations=16 (full 3):
 PSYoungGen      total 197120K, used 193368K [0x00000000d5580000, 0x00000000e3080000, 0x0000000100000000)
  eden space 180224K, 100% used [0x00000000d5580000,0x00000000e0580000,0x00000000e0580000)
  from space 16896K, 77% used [0x00000000e2000000,0x00000000e2cd6358,0x00000000e3080000)
  to   space 22016K, 0% used [0x00000000e0580000,0x00000000e0580000,0x00000000e1b00000)
 ParOldGen       total 185856K, used 38850K [0x0000000080000000, 0x000000008b580000, 0x00000000d5580000)
  object space 185856K, 20% used [0x0000000080000000,0x00000000825f0a50,0x000000008b580000)
 Metaspace       used 75843K, capacity 79100K, committed 79232K, reserved 1118208K
  class space    used 10389K, capacity 11046K, committed 11136K, reserved 1048576K
Event: 61.089 GC heap after
Heap after GC invocations=16 (full 3):
 PSYoungGen      total 202240K, used 21998K [0x00000000d5580000, 0x00000000e5680000, 0x0000000100000000)
  eden space 180224K, 0% used [0x00000000d5580000,0x00000000d5580000,0x00000000e0580000)
  from space 22016K, 99% used [0x00000000e0580000,0x00000000e1afbb48,0x00000000e1b00000)
  to   space 25600K, 0% used [0x00000000e3d80000,0x00000000e3d80000,0x00000000e5680000)
 ParOldGen       total 185856K, used 39529K [0x0000000080000000, 0x000000008b580000, 0x00000000d5580000)
  object space 185856K, 21% used [0x0000000080000000,0x000000008269a7f8,0x000000008b580000)
 Metaspace       used 75843K, capacity 79100K, committed 79232K, reserved 1118208K
  class space    used 10389K, capacity 11046K, committed 11136K, reserved 1048576K
}

